0 info it worked if it ends with ok
1 verbose cli [ 'c:\\Program Files\\nodejs\\node.exe',
1 verbose cli   'c:\\Program Files\\nodejs\\node_modules\\npm\\bin\\npm-cli.js',
1 verbose cli   'publish' ]
2 info using npm@3.8.3
3 info using node@v5.10.1
4 verbose publish [ '.' ]
5 silly cache add args [ '.', null ]
6 verbose cache add spec .
7 silly cache add parsed spec Result {
7 silly cache add   raw: '.',
7 silly cache add   scope: null,
7 silly cache add   name: null,
7 silly cache add   rawSpec: '.',
7 silly cache add   spec: 'C:\\Users\\water\\Documents\\Projects\\tanjentjs\\ts-orm',
7 silly cache add   type: 'directory' }
8 verbose addLocalDirectory C:\Users\water\AppData\Roaming\npm-cache\@tanjentjs\ts-orm\0.0.0\package.tgz not in flight; packing
9 verbose correctMkdir C:\Users\water\AppData\Roaming\npm-cache correctMkdir not in flight; initializing
10 info lifecycle @tanjentjs/ts-orm@0.0.0~prepublish: @tanjentjs/ts-orm@0.0.0
11 verbose lifecycle @tanjentjs/ts-orm@0.0.0~prepublish: unsafe-perm in lifecycle true
12 verbose lifecycle @tanjentjs/ts-orm@0.0.0~prepublish: PATH: C:\Users\water\AppData\Roaming\nvm\v5.10.1\node_modules\npm\bin\node-gyp-bin;C:\Users\water\Documents\Projects\tanjentjs\ts-orm\node_modules\.bin;c:\Program Files\nodejs;c:\Users\water\bin;.;C:\Program Files (x86)\Git\local\bin;C:\Program Files (x86)\Git\mingw\bin;C:\Program Files (x86)\Git\bin;c:\ProgramData\Oracle\Java\javapath;c:\Windows\system32;c:\Windows;c:\Windows\System32\Wbem;c:\Windows\System32\WindowsPowerShell\v1.0\;c:\Program Files (x86)\NVIDIA Corporation\PhysX\Common;C:\Program Files (x86)\Git\cmd;C:\Program Files (x86)\Git\bin;c:\xampp\php;c:\Users\water\.dnx\bin;c:\Program Files\Microsoft DNX\Dnvm\;c:\Program Files (x86)\Windows Kits\8.1\Windows Performance Toolkit\;c:\Program Files (x86)\Universal Extractor;c:\Program Files (x86)\Universal Extractor\bin;c:\WINDOWS\system32;c:\WINDOWS;c:\WINDOWS\System32\Wbem;c:\WINDOWS\System32\WindowsPowerShell\v1.0\;c:\Program Files (x86)\Skype\Phone\;c:\Program Files (x86)\Smart Projects\IsoBuster;c:\Users\water\AppData\Roaming\nvm;c:\Program Files\nodejs;c:\HashiCorp\Vagrant\bin;.\node_modules\.bin;c:\adb;c:\Program Files\OpenVPN\bin
13 verbose lifecycle @tanjentjs/ts-orm@0.0.0~prepublish: CWD: C:\Users\water\Documents\Projects\tanjentjs\ts-orm
14 silly lifecycle @tanjentjs/ts-orm@0.0.0~prepublish: Args: [ '/d /s /c', 'typings install && tsc' ]
15 silly lifecycle @tanjentjs/ts-orm@0.0.0~prepublish: Returned: code: 1  signal: null
16 info lifecycle @tanjentjs/ts-orm@0.0.0~prepublish: Failed to exec prepublish script
17 error addLocal Could not install C:\Users\water\Documents\Projects\tanjentjs\ts-orm
18 verbose stack Error: @tanjentjs/ts-orm@0.0.0 prepublish: `typings install && tsc`
18 verbose stack Exit status 1
18 verbose stack     at EventEmitter.<anonymous> (C:\Users\water\AppData\Roaming\nvm\v5.10.1\node_modules\npm\lib\utils\lifecycle.js:239:16)
18 verbose stack     at emitTwo (events.js:100:13)
18 verbose stack     at EventEmitter.emit (events.js:185:7)
18 verbose stack     at ChildProcess.<anonymous> (C:\Users\water\AppData\Roaming\nvm\v5.10.1\node_modules\npm\lib\utils\spawn.js:24:14)
18 verbose stack     at emitTwo (events.js:100:13)
18 verbose stack     at ChildProcess.emit (events.js:185:7)
18 verbose stack     at maybeClose (internal/child_process.js:850:16)
18 verbose stack     at Process.ChildProcess._handle.onexit (internal/child_process.js:215:5)
19 verbose pkgid @tanjentjs/ts-orm@0.0.0
20 verbose cwd C:\Users\water\Documents\Projects\tanjentjs\ts-orm
21 error Windows_NT 10.0.10586
22 error argv "c:\\Program Files\\nodejs\\node.exe" "c:\\Program Files\\nodejs\\node_modules\\npm\\bin\\npm-cli.js" "publish"
23 error node v5.10.1
24 error npm  v3.8.3
25 error code ELIFECYCLE
26 error @tanjentjs/ts-orm@0.0.0 prepublish: `typings install && tsc`
26 error Exit status 1
27 error Failed at the @tanjentjs/ts-orm@0.0.0 prepublish script 'typings install && tsc'.
27 error Make sure you have the latest version of node.js and npm installed.
27 error If you do, this is most likely a problem with the @tanjentjs/ts-orm package,
27 error not with npm itself.
27 error Tell the author that this fails on your system:
27 error     typings install && tsc
27 error You can get information on how to open an issue for this project with:
27 error     npm bugs @tanjentjs/ts-orm
27 error Or if that isn't available, you can get their info via:
27 error     npm owner ls @tanjentjs/ts-orm
27 error There is likely additional logging output above.
28 verbose exit [ 1, true ]
